Script started on 2022-07-09 11:22:34-04:00 [TERM="xterm-256color" TTY="/dev/pts/0" COLUMNS="175" LINES="13"]
]0;rasul@LAPTOP-BV048FS5: /mnt/c/Users/nekza/OneDrive/Documents/CISC-1115-HW0-8/HW4/src[01;32mrasul@LAPTOP-BV048FS5[00m:[01;34m/mnt/c/Users/nekza/OneDrive/Documents/CISC-1115-HW0-8/HW4/src[00m$ javac HW4.java && java HW4
first : 5 characters long.
second : 6 characters long.
third : 5 characters long.
fourth : 6 characters long.
fifth : 5 characters long.
sixth : 5 characters long.
seventh : 7 characters long.
eighth : 6 characters long.
ninth : 5 characters long.
tenth : 5 characters long.
01:02:03
04:05:06
07:08:09
This array has 10 rows.
This array has 20 columns.
0 0 0 0 0 0 0 0 0 0 0 0 0 0 0 0 0 0 0 0 
0 0 0 0 0 0 0 0 0 0 0 0 0 0 0 0 0 0 0 0 
0 0 0 0 0 0 0 0 0 0 0 0 0 0 0 0 0 0 0 0 
0 0 0 0 0 0 0 0 0 0 0 0 0 0 0 0 0 0 0 0 
0 0 0 0 0 0 0 0 0 0 0 0 0 0 0 0 0 0 0 0 
0 0 0 0 0 0 0 0 0 0 0 0 0 0 0 0 0 0 0 0 
0 0 0 0 0 0 0 0 0 0 0 0 0 0 0 0 0 0 0 0 
0 0 0 0 0 0 0 0 0 0 0 0 0 0 0 0 0 0 0 0 
0 0 0 0 0 0 0 0 0 0 0 0 0 0 0 0 0 0 0 0 
0 0 0 0 0 0 0 0 0 0 0 0 0 0 0 0 0 0 0 0 
]0;rasul@LAPTOP-BV048FS5: /mnt/c/Users/nekza/OneDrive/Documents/CISC-1115-HW0-8/HW4/src[01;32mrasul@LAPTOP-BV048FS5[00m:[01;34m/mnt/c/Users/nekza/OneDrive/Documents/CISC-1115-HW0-8/HW4/src[00m$ exit
exit

Script done on 2022-07-09 11:22:47-04:00 [COMMAND_EXIT_CODE="0"]
